
=== launch sim-device-03/NORMAL_OPERATION duration=30s ===
2026-07-22 19:14:18,409 [SIM-DEVICE-03] Starting scenario: NORMAL_OPERATION (30s)
2026-07-22 19:14:19,826 [SIM-DEVICE-03] t=0s score=0.075 -> ok
2026-07-22 19:14:25,166 [SIM-DEVICE-03] t=5s score=0.138 -> ok
2026-07-22 19:14:30,482 [SIM-DEVICE-03] t=10s score=0.180 -> ok
2026-07-22 19:14:35,827 [SIM-DEVICE-03] t=15s score=0.011 -> ok
2026-07-22 19:14:41,149 [SIM-DEVICE-03] t=20s score=0.047 -> ok
2026-07-22 19:14:46,457 [SIM-DEVICE-03] t=25s score=0.603 -> ok
2026-07-22 19:14:51,458 [SIM-DEVICE-03] Scenario NORMAL_OPERATION complete.

=== launch sim-device-01/MIRAI_FLOOD duration=120s ===
2026-07-22 19:26:07,135 [SIM-DEVICE-01] Starting scenario: MIRA2026-07-22 19:262026-07-22 19:26:08,195 [SIM-DEVICE-01] t=0s score=0.007 -> ok
2026-07-22 19:26:13,885 [SIM-DEVICE-01] t=5s score=0.025 -> ok
2026-07-22 19:26:19,636 [SIM-DEVICE-01] t=10s score=0.033 -> ok
2026-07-22 19:26:25,068 [SIM-DEVICE-01] t=15s score=0.025 -> ok
2026-07-22 19:26:30,520 [SIM-DEVICE-01] t=20s score=0.033 -> ok
2026-07-22 19:26:35,922 [SIM-DEVICE-01] t=25s score=0.033 -> ok
2026-07-22 19:26:41,345 [SIM-DEVICE-01] t=30s score=0.033 -> ok
2026-07-22 19:26:46,765 [SIM-DEVICE-01] t=35s score=0.033 -> ok
2026-07-22 19:26:52,497 [SIM-DEVICE-01] t=40s score=0.007 -> ok
2026-07-22 19:26:57,998 [SIM-DEVICE-01] t=45s score=0.033 -> ok
2026-07-22 19:27:03,434 [SIM-DEVICE-01] t=50s score=0.007 -> ok
2026-07-22 19:27:08,816 [SIM-DEVICE-01] t=55s score=0.033 -> ok
2026-07-22 19:27:14,245 [SIM-DEVICE-01] t=60s score=0.007 -> ok
2026-07-22 19:27:19,733 [SIM-DEVICE-01] t=65s score=0.033 -> ok
2026-07-22 19:27:25,317 [SIM-DEVICE-01] t=70s score=0.007 -> ok
2026-07-22 19:27:30,783 [SIM-DEVICE-01] t=75s score=0.025 -> ok
2026-07-22 19:27:36,155 [SIM-DEVICE-01] t=80s score=0.033 -> ok
2026-07-22 19:27:41,573 [SIM-DEVICE-01] t=85s score=0.007 -> ok
2026-07-22 19:27:46,931 [SIM-DEVICE-01] t=90s score=0.025 -> ok
2026-07-22 19:27:52,439 [SIM-DEVICE-01] t=95s score=0.033 -> ok
2026-07-22 19:27:57,981 [SIM-DEVICE-01] t=100s score=0.033 -> ok
2026-07-22 19:28:03,398 [SIM-DEVICE-01] t=105s score=0.007 -> ok
2026-07-22 19:28:08,797 [SIM-DEVICE-01] t=110s score=0.025 -> ok
2026-07-22 19:28:14,159 [SIM-DEVICE-01] t=115s score=0.007 -> ok
2026-07-22 19:28:19,159 [SIM-DEVICE-01] Scenario MIRAI_FLOOD complet2026-07-22 19:28:22,606 [SIM-DEVICE-02] t=120s score=0.098 -> ok
2026-07-22 19:28:28,197 [SIM-DEVICE-02] t=125s score=0.327 -> ok
2026-07-22 19:28:33,716 [SIM-DEVICE-02] t=130s score=0.020 -> ok
2026-07-22 19:28:39,177 [SIM-DEVICE-02] t=135s score=0.133 -> ok
2026-07-22 19:28:44,741 [SIM-DEVICE-02] t=140s score=0.011 -> ok
2026-07-22 19:28:50,333 [SIM-DEVICE-02] t=145s score=0.047 -> ok
2026-07-22 19:28:55,864 [SIM-DEVICE-02] t=150s score=0.552 -> ok
2026-07-22 19:29:01,365 [SIM-DEVICE-02] t=155s score=0.047 -> ok
2026-07-22 19:29:06,903 [SIM-DEVICE-02] t=160s score=0.011 -> ok
2026-07-22 19:29:12,460 [SIM-DEVICE-02] t=165s score=0.011 -> ok
2026-07-22 19:29:18,003 [SIM-DEVICE-02] t=170s score=0.020 -> ok
2026-07-22 19:29:23,493 [SIM-DEVICE-02] t=175s score=0.096 -> ok
2026-07-22 19:29:29,395 [SIM-DEVICE-02] t=180s score=0.020 -> ok
2026-07-22 19:29:35,051 [SIM-DEVICE-02] t=185s score=0.340 -> ok
2026-07-22 19:29:40,733 [SIM-DEVICE-02] t=190s score=0.020 -> ok
2026-07-22 19:29:46,299 [SIM-DEVICE-02] t=195s score=0.493 -> ok
2026-07-22 19:29:51,930 [SIM-DEVICE-02] t=200s score=0.218 -> ok
2026-07-22 19:29:57,469 [SIM-DEVICE-02] t=205s score=0.153 -> ok
2026-07-22 19:30:02,940 [SIM-DEVICE-02] t=210s score=0.274 -> ok
2026-07-22 19:30:08,454 [SIM-DEVICE-02] t=215s score=0.020 -> ok
2026-07-22 19:30:13,966 [SIM-DEVICE-02] t=220s score=0.020 -> ok
2026-07-22 19:30:19,525 [SIM-DEVICE-02] t=225s score=0.078 -> ok
2026-07-22 19:30:25,054 [SIM-DEVICE-02] t=230s score=0.065 -> ok
2026-07-22 19:30:30,578 [SIM-DEVICE-02] t=235s score=0.018 -> ok
2026-07-22 19:30:36,042 [SIM-DEVICE-02] t=240s score=0.145 -> ok
2026-07-22 19:30:41,612 [SIM-DEVICE-02] t=245s score=0.020 -> ok
2026-07-22 19:30:47,165 [SIM-DEVICE-02] t=250s score=0.011 -> ok
2026-07-22 19:30:52,911 [SIM-DEVICE-02] t=255s score=0.433 -> ok
2026-07-22 19:30:58,379 [SIM-DEVICE-02] t=260s score=0.098 -> ok
2026-07-22 19:31:03,894 [SIM-DEVICE-02] t=265s score=0.018 -> ok
2026-07-22 19:31:09,381 [SIM-DEVICE-02] t=270s score=0.145 -> ok
2026-07-22 19:31:14,934 [SIM-DEVICE-02] t=275s score=0.051 -> ok
2026-07-22 19:31:20,574 [SIM-DEVICE-02] t=280s score=0.145 -> ok
2026-07-22 19:31:26,148 [SIM-DEVICE-02] t=285s score=0.461 -> ok
2026-07-22 19:31:31,687 [SIM-DEVICE-02] t=290s score=0.101 -> ok
2026-07-22 19:31:37,532 [SIM-DEVICE-02] t=295s score=0.010 -> ok
2026-07-22 19:31:42,533 [SIM-DEVICE-02] Scenario NORMAL_OPERATION complete.
1:31,678 [SIM-DEVICE-04] t=295s score=0.068 -> ok
2026-07-22 19:31:36,680 [SIM-DEVICE-04] Scenario NORMAL_OPERATION complete.
